[2013-05-03 20:50:24] INFO  WEBrick 1.3.1
[2013-05-03 20:50:24] INFO  ruby 1.9.3 (2012-12-25) [i686-linux]
[2013-05-03 20:50:24] INFO  WEBrick::HTTPServer#start: pid=17924 port=9292
        SECURITY WARNING: No secret option provided to Rack::Session::Cookie.
        This poses a security threat. It is strongly recommended that you
        provide a secret to prevent exploits that may be possible from crafted
        cookies. This will not be supported in future versions of Rack, and
        future versions will even invalidate your existing user cookies.

        Called from: /home/scott/.rvm/gems/ruby-1.9.3-p362/gems/rack-1.4.4/lib/rack/builder.rb:82:in `new'.

W, [2013-05-03T20:50:40.956217 #17924]  WARN -- : attack prevented by Rack::Protection::SessionHijacking
127.0.0.1 - - [03/May/2013 20:50:40] "GET / HTTP/1.1" 200 18 0.2554
127.0.0.1 - - [03/May/2013 20:50:41] "GET /favicon.ico HTTP/1.1" 404 447 0.0021
[2013-05-03 20:50:47] INFO  going to shutdown ...
[2013-05-03 20:50:47] INFO  WEBrick::HTTPServer#start done.
[2013-05-03 21:09:28] INFO  WEBrick 1.3.1
[2013-05-03 21:09:28] INFO  ruby 1.9.3 (2012-12-25) [i686-linux]
[2013-05-03 21:09:28] INFO  WEBrick::HTTPServer#start: pid=18375 port=9292
        SECURITY WARNING: No secret option provided to Rack::Session::Cookie.
        This poses a security threat. It is strongly recommended that you
        provide a secret to prevent exploits that may be possible from crafted
        cookies. This will not be supported in future versions of Rack, and
        future versions will even invalidate your existing user cookies.

        Called from: /home/scott/.rvm/gems/ruby-1.9.3-p362/gems/rack-1.4.4/lib/rack/builder.rb:82:in `new'.

127.0.0.1 - - [03/May/2013 21:09:33] "GET / HTTP/1.1" 200 18 0.0931
127.0.0.1 - - [03/May/2013 21:09:33] "GET /favicon.ico HTTP/1.1" 404 447 0.0023
127.0.0.1 - - [03/May/2013 21:09:37] "GET /feeds HTTP/1.1" 200 9895 0.1328
127.0.0.1 - - [03/May/2013 21:09:37] "GET /favicon.ico HTTP/1.1" 404 447 0.0025
[2013-05-03 21:10:07] INFO  going to shutdown ...
[2013-05-03 21:10:07] INFO  WEBrick::HTTPServer#start done.
[2013-05-03 21:24:59] INFO  WEBrick 1.3.1
[2013-05-03 21:24:59] INFO  ruby 1.9.3 (2012-12-25) [i686-linux]
[2013-05-03 21:24:59] INFO  WEBrick::HTTPServer#start: pid=18781 port=9292
        SECURITY WARNING: No secret option provided to Rack::Session::Cookie.
        This poses a security threat. It is strongly recommended that you
        provide a secret to prevent exploits that may be possible from crafted
        cookies. This will not be supported in future versions of Rack, and
        future versions will even invalidate your existing user cookies.

        Called from: /home/scott/.rvm/gems/ruby-1.9.3-p362/gems/rack-1.4.4/lib/rack/builder.rb:82:in `new'.

127.0.0.1 - - [03/May/2013 21:25:03] "GET /feeds HTTP/1.1" 200 9895 0.1600
127.0.0.1 - - [03/May/2013 21:25:03] "GET /favicon.ico HTTP/1.1" 404 447 0.0023
127.0.0.1 - - [03/May/2013 21:25:08] "GET /feed/141 HTTP/1.1" 404 444 0.0045
127.0.0.1 - - [03/May/2013 21:25:09] "GET /__sinatra__/404.png HTTP/1.1" 200 23305 0.0872
127.0.0.1 - - [03/May/2013 21:25:09] "GET /favicon.ico HTTP/1.1" 404 447 0.0023
[2013-05-03 21:25:14] INFO  going to shutdown ...
[2013-05-03 21:25:15] INFO  WEBrick::HTTPServer#start done.
[2013-05-03 21:25:42] INFO  WEBrick 1.3.1
[2013-05-03 21:25:42] INFO  ruby 1.9.3 (2012-12-25) [i686-linux]
[2013-05-03 21:25:42] INFO  WEBrick::HTTPServer#start: pid=18839 port=9292
        SECURITY WARNING: No secret option provided to Rack::Session::Cookie.
        This poses a security threat. It is strongly recommended that you
        provide a secret to prevent exploits that may be possible from crafted
        cookies. This will not be supported in future versions of Rack, and
        future versions will even invalidate your existing user cookies.

        Called from: /home/scott/.rvm/gems/ruby-1.9.3-p362/gems/rack-1.4.4/lib/rack/builder.rb:82:in `new'.

127.0.0.1 - - [03/May/2013 21:25:47] "GET /f/141 HTTP/1.1" 200 32 0.0948
127.0.0.1 - - [03/May/2013 21:25:47] "GET /favicon.ico HTTP/1.1" 404 447 0.0026
[2013-05-03 21:26:33] INFO  going to shutdown ...
[2013-05-03 21:26:33] INFO  WEBrick::HTTPServer#start done.
[2013-05-03 21:30:18] INFO  WEBrick 1.3.1
[2013-05-03 21:30:18] INFO  ruby 1.9.3 (2012-12-25) [i686-linux]
[2013-05-03 21:30:18] INFO  WEBrick::HTTPServer#start: pid=19061 port=9292
        SECURITY WARNING: No secret option provided to Rack::Session::Cookie.
        This poses a security threat. It is strongly recommended that you
        provide a secret to prevent exploits that may be possible from crafted
        cookies. This will not be supported in future versions of Rack, and
        future versions will even invalidate your existing user cookies.

        Called from: /home/scott/.rvm/gems/ruby-1.9.3-p362/gems/rack-1.4.4/lib/rack/builder.rb:82:in `new'.

127.0.0.1 - - [03/May/2013 21:30:21] "GET /f/141 HTTP/1.1" 200 36 0.0875
127.0.0.1 - - [03/May/2013 21:30:21] "GET /favicon.ico HTTP/1.1" 404 447 0.0019
127.0.0.1 - - [03/May/2013 21:30:23] "GET /f/141 HTTP/1.1" 200 36 0.0054
127.0.0.1 - - [03/May/2013 21:30:24] "GET /favicon.ico HTTP/1.1" 404 447 0.0023
127.0.0.1 - - [03/May/2013 21:30:31] "GET /feeds HTTP/1.1" 200 9895 0.0804
127.0.0.1 - - [03/May/2013 21:30:31] "GET /favicon.ico HTTP/1.1" 404 447 0.0022
127.0.0.1 - - [03/May/2013 21:30:39] "GET /f/141 HTTP/1.1" 200 36 0.0052
127.0.0.1 - - [03/May/2013 21:30:39] "GET /favicon.ico HTTP/1.1" 404 447 0.0023
[2013-05-03 21:31:57] INFO  going to shutdown ...
[2013-05-03 21:31:57] INFO  WEBrick::HTTPServer#start done.
[2013-05-03 21:32:38] INFO  WEBrick 1.3.1
[2013-05-03 21:32:38] INFO  ruby 1.9.3 (2012-12-25) [i686-linux]
[2013-05-03 21:32:38] INFO  WEBrick::HTTPServer#start: pid=19139 port=9292
        SECURITY WARNING: No secret option provided to Rack::Session::Cookie.
        This poses a security threat. It is strongly recommended that you
        provide a secret to prevent exploits that may be possible from crafted
        cookies. This will not be supported in future versions of Rack, and
        future versions will even invalidate your existing user cookies.

        Called from: /home/scott/.rvm/gems/ruby-1.9.3-p362/gems/rack-1.4.4/lib/rack/builder.rb:82:in `new'.

127.0.0.1 - - [03/May/2013 21:32:41] "GET /f/141 HTTP/1.1" 200 854 0.0907
127.0.0.1 - - [03/May/2013 21:32:41] "GET /favicon.ico HTTP/1.1" 404 447 0.0023
[2013-05-03 21:33:35] INFO  going to shutdown ...
[2013-05-03 21:33:35] INFO  WEBrick::HTTPServer#start done.
[2013-05-03 21:33:49] INFO  WEBrick 1.3.1
[2013-05-03 21:33:49] INFO  ruby 1.9.3 (2012-12-25) [i686-linux]
[2013-05-03 21:33:49] INFO  WEBrick::HTTPServer#start: pid=19156 port=9292
        SECURITY WARNING: No secret option provided to Rack::Session::Cookie.
        This poses a security threat. It is strongly recommended that you
        provide a secret to prevent exploits that may be possible from crafted
        cookies. This will not be supported in future versions of Rack, and
        future versions will even invalidate your existing user cookies.

        Called from: /home/scott/.rvm/gems/ruby-1.9.3-p362/gems/rack-1.4.4/lib/rack/builder.rb:82:in `new'.

127.0.0.1 - - [03/May/2013 21:33:52] "GET /f/141 HTTP/1.1" 200 854 0.0918
127.0.0.1 - - [03/May/2013 21:33:52] "GET /favicon.ico HTTP/1.1" 404 447 0.0024
127.0.0.1 - - [03/May/2013 21:33:54] "GET /f/141 HTTP/1.1" 200 854 0.0119
127.0.0.1 - - [03/May/2013 21:33:54] "GET /favicon.ico HTTP/1.1" 404 447 0.0024
127.0.0.1 - - [03/May/2013 21:34:41] "GET /f/141 HTTP/1.1" 200 997 0.0152
127.0.0.1 - - [03/May/2013 21:34:41] "GET /favicon.ico HTTP/1.1" 404 447 0.0019
[2013-05-03 21:35:55] INFO  going to shutdown ...
[2013-05-03 21:35:55] INFO  WEBrick::HTTPServer#start done.
[2013-05-03 21:42:27] INFO  WEBrick 1.3.1
[2013-05-03 21:42:27] INFO  ruby 1.9.3 (2012-12-25) [i686-linux]
[2013-05-03 21:42:27] INFO  WEBrick::HTTPServer#start: pid=19339 port=9292
        SECURITY WARNING: No secret option provided to Rack::Session::Cookie.
        This poses a security threat. It is strongly recommended that you
        provide a secret to prevent exploits that may be possible from crafted
        cookies. This will not be supported in future versions of Rack, and
        future versions will even invalidate your existing user cookies.

        Called from: /home/scott/.rvm/gems/ruby-1.9.3-p362/gems/rack-1.4.4/lib/rack/builder.rb:82:in `new'.

127.0.0.1 - - [03/May/2013 21:42:30] "GET /f/141 HTTP/1.1" 200 1345 0.0940
127.0.0.1 - - [03/May/2013 21:42:30] "GET /favicon.ico HTTP/1.1" 404 447 0.0024
127.0.0.1 - - [03/May/2013 21:42:47] "GET /f/141 HTTP/1.1" 200 1285 0.0160
127.0.0.1 - - [03/May/2013 21:42:47] "GET /favicon.ico HTTP/1.1" 404 447 0.0022
ArgumentError - The number of arguments for the key is invalid, expected 3 but was 1:
	/home/scott/.rvm/gems/ruby-1.9.3-p362/gems/dm-core-1.2.0/lib/dm-core/model.rb:820:in `assert_valid_key_size'
	/home/scott/.rvm/gems/ruby-1.9.3-p362/gems/dm-core-1.2.0/lib/dm-core/model.rb:271:in `get'
	/home/scott/project/ctcgator/web/routes/feed.rb:14:in `block in <class:CTCGator>'
	/home/scott/.rvm/gems/ruby-1.9.3-p362/gems/sinatra-1.3.3/lib/sinatra/base.rb:1265:in `call'
	/home/scott/.rvm/gems/ruby-1.9.3-p362/gems/sinatra-1.3.3/lib/sinatra/base.rb:1265:in `block in compile!'
	/home/scott/.rvm/gems/ruby-1.9.3-p362/gems/sinatra-1.3.3/lib/sinatra/base.rb:835:in `[]'
	/home/scott/.rvm/gems/ruby-1.9.3-p362/gems/sinatra-1.3.3/lib/sinatra/base.rb:835:in `block (3 levels) in route!'
	/home/scott/.rvm/gems/ruby-1.9.3-p362/gems/sinatra-1.3.3/lib/sinatra/base.rb:851:in `route_eval'
	/home/scott/.rvm/gems/ruby-1.9.3-p362/gems/sinatra-1.3.3/lib/sinatra/base.rb:835:in `block (2 levels) in route!'
	/home/scott/.rvm/gems/ruby-1.9.3-p362/gems/sinatra-1.3.3/lib/sinatra/base.rb:872:in `block in process_route'
	/home/scott/.rvm/gems/ruby-1.9.3-p362/gems/sinatra-1.3.3/lib/sinatra/base.rb:870:in `catch'
	/home/scott/.rvm/gems/ruby-1.9.3-p362/gems/sinatra-1.3.3/lib/sinatra/base.rb:870:in `process_route'
	/home/scott/.rvm/gems/ruby-1.9.3-p362/gems/sinatra-1.3.3/lib/sinatra/base.rb:834:in `block in route!'
	/home/scott/.rvm/gems/ruby-1.9.3-p362/gems/sinatra-1.3.3/lib/sinatra/base.rb:833:in `each'
	/home/scott/.rvm/gems/ruby-1.9.3-p362/gems/sinatra-1.3.3/lib/sinatra/base.rb:833:in `route!'
	/home/scott/.rvm/gems/ruby-1.9.3-p362/gems/sinatra-1.3.3/lib/sinatra/base.rb:936:in `dispatch!'
	/home/scott/.rvm/gems/ruby-1.9.3-p362/gems/sinatra-1.3.3/lib/sinatra/base.rb:769:in `block in call!'
	/home/scott/.rvm/gems/ruby-1.9.3-p362/gems/sinatra-1.3.3/lib/sinatra/base.rb:921:in `block in invoke'
	/home/scott/.rvm/gems/ruby-1.9.3-p362/gems/sinatra-1.3.3/lib/sinatra/base.rb:921:in `catch'
	/home/scott/.rvm/gems/ruby-1.9.3-p362/gems/sinatra-1.3.3/lib/sinatra/base.rb:921:in `invoke'
	/home/scott/.rvm/gems/ruby-1.9.3-p362/gems/sinatra-1.3.3/lib/sinatra/base.rb:769:in `call!'
	/home/scott/.rvm/gems/ruby-1.9.3-p362/gems/sinatra-1.3.3/lib/sinatra/base.rb:755:in `call'
	/home/scott/.rvm/gems/ruby-1.9.3-p362/gems/rack-protection-1.3.2/lib/rack/protection/xss_header.rb:27:in `call'
	/home/scott/.rvm/gems/ruby-1.9.3-p362/gems/rack-protection-1.3.2/lib/rack/protection/base.rb:48:in `call'
	/home/scott/.rvm/gems/ruby-1.9.3-p362/gems/rack-protection-1.3.2/lib/rack/protection/base.rb:48:in `call'
	/home/scott/.rvm/gems/ruby-1.9.3-p362/gems/rack-protection-1.3.2/lib/rack/protection/path_traversal.rb:16:in `call'
	/home/scott/.rvm/gems/ruby-1.9.3-p362/gems/rack-protection-1.3.2/lib/rack/protection/json_csrf.rb:17:in `call'
	/home/scott/.rvm/gems/ruby-1.9.3-p362/gems/rack-protection-1.3.2/lib/rack/protection/base.rb:48:in `call'
	/home/scott/.rvm/gems/ruby-1.9.3-p362/gems/rack-protection-1.3.2/lib/rack/protection/base.rb:48:in `call'
	/home/scott/.rvm/gems/ruby-1.9.3-p362/gems/rack-protection-1.3.2/lib/rack/protection/xss_header.rb:27:in `call'
	/home/scott/.rvm/gems/ruby-1.9.3-p362/gems/rack-1.4.4/lib/rack/session/abstract/id.rb:210:in `context'
	/home/scott/.rvm/gems/ruby-1.9.3-p362/gems/rack-1.4.4/lib/rack/session/abstract/id.rb:205:in `call'
	/home/scott/.rvm/gems/ruby-1.9.3-p362/gems/rack-1.4.4/lib/rack/logger.rb:15:in `call'
	/home/scott/.rvm/gems/ruby-1.9.3-p362/gems/sinatra-1.3.3/lib/sinatra/base.rb:129:in `call'
	/home/scott/.rvm/gems/ruby-1.9.3-p362/gems/rack-1.4.4/lib/rack/head.rb:9:in `call'
	/home/scott/.rvm/gems/ruby-1.9.3-p362/gems/rack-1.4.4/lib/rack/methodoverride.rb:21:in `call'
	/home/scott/.rvm/gems/ruby-1.9.3-p362/gems/sinatra-1.3.3/lib/sinatra/showexceptions.rb:21:in `call'
	/home/scott/.rvm/gems/ruby-1.9.3-p362/gems/sinatra-1.3.3/lib/sinatra/base.rb:99:in `call'
	/home/scott/.rvm/gems/ruby-1.9.3-p362/gems/sinatra-1.3.3/lib/sinatra/base.rb:1389:in `block in call'
	/home/scott/.rvm/gems/ruby-1.9.3-p362/gems/sinatra-1.3.3/lib/sinatra/base.rb:1471:in `synchronize'
	/home/scott/.rvm/gems/ruby-1.9.3-p362/gems/sinatra-1.3.3/lib/sinatra/base.rb:1389:in `call'
	/home/scott/.rvm/gems/ruby-1.9.3-p362/gems/rack-1.4.4/lib/rack/lint.rb:48:in `_call'
	/home/scott/.rvm/gems/ruby-1.9.3-p362/gems/rack-1.4.4/lib/rack/lint.rb:36:in `call'
	/home/scott/.rvm/gems/ruby-1.9.3-p362/gems/rack-1.4.4/lib/rack/showexceptions.rb:24:in `call'
	/home/scott/.rvm/gems/ruby-1.9.3-p362/gems/rack-1.4.4/lib/rack/commonlogger.rb:33:in `call'
	/home/scott/.rvm/gems/ruby-1.9.3-p362/gems/sinatra-1.3.3/lib/sinatra/base.rb:136:in `call'
	/home/scott/.rvm/gems/ruby-1.9.3-p362/gems/rack-1.4.4/lib/rack/chunked.rb:43:in `call'
	/home/scott/.rvm/gems/ruby-1.9.3-p362/gems/rack-1.4.4/lib/rack/content_length.rb:14:in `call'
	/home/scott/.rvm/gems/ruby-1.9.3-p362/gems/rack-1.4.4/lib/rack/handler/webrick.rb:59:in `service'
	/home/scott/.rvm/rubies/ruby-1.9.3-p362/lib/ruby/1.9.1/webrick/httpserver.rb:138:in `service'
	/home/scott/.rvm/rubies/ruby-1.9.3-p362/lib/ruby/1.9.1/webrick/httpserver.rb:94:in `run'
	/home/scott/.rvm/rubies/ruby-1.9.3-p362/lib/ruby/1.9.1/webrick/server.rb:191:in `block in start_thread'
127.0.0.1 - - [03/May/2013 21:42:54] "GET /f/141/21 HTTP/1.1" 500 149372 0.0482
127.0.0.1 - - [03/May/2013 21:42:54] "GET /__sinatra__/500.png HTTP/1.1" 200 31056 0.0759
127.0.0.1 - - [03/May/2013 21:42:54] "GET /favicon.ico HTTP/1.1" 404 447 0.0021
[2013-05-03 21:43:19] INFO  going to shutdown ...
[2013-05-03 21:43:19] INFO  WEBrick::HTTPServer#start done.
[2013-05-03 21:45:27] INFO  WEBrick 1.3.1
[2013-05-03 21:45:27] INFO  ruby 1.9.3 (2012-12-25) [i686-linux]
[2013-05-03 21:45:27] INFO  WEBrick::HTTPServer#start: pid=19388 port=9292
        SECURITY WARNING: No secret option provided to Rack::Session::Cookie.
        This poses a security threat. It is strongly recommended that you
        provide a secret to prevent exploits that may be possible from crafted
        cookies. This will not be supported in future versions of Rack, and
        future versions will even invalidate your existing user cookies.

        Called from: /home/scott/.rvm/gems/ruby-1.9.3-p362/gems/rack-1.4.4/lib/rack/builder.rb:82:in `new'.

127.0.0.1 - - [03/May/2013 21:45:32] "GET /favicon.ico HTTP/1.1" 404 447 0.0819
RuntimeError - explicit use of 'eql' operator is deprecated (/home/scott/.rvm/gems/ruby-1.9.3-p362/gems/dm-core-1.2.0/lib/dm-core/core_ext/symbol.rb:2:in `each'):
	/home/scott/.rvm/gems/ruby-1.9.3-p362/gems/dm-core-1.2.0/lib/dm-core/core_ext/symbol.rb:5:in `eql'
	/home/scott/project/ctcgator/web/routes/feed.rb:14:in `block in <class:CTCGator>'
	/home/scott/.rvm/gems/ruby-1.9.3-p362/gems/sinatra-1.3.3/lib/sinatra/base.rb:1265:in `call'
	/home/scott/.rvm/gems/ruby-1.9.3-p362/gems/sinatra-1.3.3/lib/sinatra/base.rb:1265:in `block in compile!'
	/home/scott/.rvm/gems/ruby-1.9.3-p362/gems/sinatra-1.3.3/lib/sinatra/base.rb:835:in `[]'
	/home/scott/.rvm/gems/ruby-1.9.3-p362/gems/sinatra-1.3.3/lib/sinatra/base.rb:835:in `block (3 levels) in route!'
	/home/scott/.rvm/gems/ruby-1.9.3-p362/gems/sinatra-1.3.3/lib/sinatra/base.rb:851:in `route_eval'
	/home/scott/.rvm/gems/ruby-1.9.3-p362/gems/sinatra-1.3.3/lib/sinatra/base.rb:835:in `block (2 levels) in route!'
	/home/scott/.rvm/gems/ruby-1.9.3-p362/gems/sinatra-1.3.3/lib/sinatra/base.rb:872:in `block in process_route'
	/home/scott/.rvm/gems/ruby-1.9.3-p362/gems/sinatra-1.3.3/lib/sinatra/base.rb:870:in `catch'
	/home/scott/.rvm/gems/ruby-1.9.3-p362/gems/sinatra-1.3.3/lib/sinatra/base.rb:870:in `process_route'
	/home/scott/.rvm/gems/ruby-1.9.3-p362/gems/sinatra-1.3.3/lib/sinatra/base.rb:834:in `block in route!'
	/home/scott/.rvm/gems/ruby-1.9.3-p362/gems/sinatra-1.3.3/lib/sinatra/base.rb:833:in `each'
	/home/scott/.rvm/gems/ruby-1.9.3-p362/gems/sinatra-1.3.3/lib/sinatra/base.rb:833:in `route!'
	/home/scott/.rvm/gems/ruby-1.9.3-p362/gems/sinatra-1.3.3/lib/sinatra/base.rb:936:in `dispatch!'
	/home/scott/.rvm/gems/ruby-1.9.3-p362/gems/sinatra-1.3.3/lib/sinatra/base.rb:769:in `block in call!'
	/home/scott/.rvm/gems/ruby-1.9.3-p362/gems/sinatra-1.3.3/lib/sinatra/base.rb:921:in `block in invoke'
	/home/scott/.rvm/gems/ruby-1.9.3-p362/gems/sinatra-1.3.3/lib/sinatra/base.rb:921:in `catch'
	/home/scott/.rvm/gems/ruby-1.9.3-p362/gems/sinatra-1.3.3/lib/sinatra/base.rb:921:in `invoke'
	/home/scott/.rvm/gems/ruby-1.9.3-p362/gems/sinatra-1.3.3/lib/sinatra/base.rb:769:in `call!'
	/home/scott/.rvm/gems/ruby-1.9.3-p362/gems/sinatra-1.3.3/lib/sinatra/base.rb:755:in `call'
	/home/scott/.rvm/gems/ruby-1.9.3-p362/gems/rack-protection-1.3.2/lib/rack/protection/xss_header.rb:27:in `call'
	/home/scott/.rvm/gems/ruby-1.9.3-p362/gems/rack-protection-1.3.2/lib/rack/protection/base.rb:48:in `call'
	/home/scott/.rvm/gems/ruby-1.9.3-p362/gems/rack-protection-1.3.2/lib/rack/protection/base.rb:48:in `call'
	/home/scott/.rvm/gems/ruby-1.9.3-p362/gems/rack-protection-1.3.2/lib/rack/protection/path_traversal.rb:16:in `call'
	/home/scott/.rvm/gems/ruby-1.9.3-p362/gems/rack-protection-1.3.2/lib/rack/protection/json_csrf.rb:17:in `call'
	/home/scott/.rvm/gems/ruby-1.9.3-p362/gems/rack-protection-1.3.2/lib/rack/protection/base.rb:48:in `call'
	/home/scott/.rvm/gems/ruby-1.9.3-p362/gems/rack-protection-1.3.2/lib/rack/protection/base.rb:48:in `call'
	/home/scott/.rvm/gems/ruby-1.9.3-p362/gems/rack-protection-1.3.2/lib/rack/protection/xss_header.rb:27:in `call'
	/home/scott/.rvm/gems/ruby-1.9.3-p362/gems/rack-1.4.4/lib/rack/session/abstract/id.rb:210:in `context'
	/home/scott/.rvm/gems/ruby-1.9.3-p362/gems/rack-1.4.4/lib/rack/session/abstract/id.rb:205:in `call'
	/home/scott/.rvm/gems/ruby-1.9.3-p362/gems/rack-1.4.4/lib/rack/logger.rb:15:in `call'
	/home/scott/.rvm/gems/ruby-1.9.3-p362/gems/sinatra-1.3.3/lib/sinatra/base.rb:129:in `call'
	/home/scott/.rvm/gems/ruby-1.9.3-p362/gems/rack-1.4.4/lib/rack/head.rb:9:in `call'
	/home/scott/.rvm/gems/ruby-1.9.3-p362/gems/rack-1.4.4/lib/rack/methodoverride.rb:21:in `call'
	/home/scott/.rvm/gems/ruby-1.9.3-p362/gems/sinatra-1.3.3/lib/sinatra/showexceptions.rb:21:in `call'
	/home/scott/.rvm/gems/ruby-1.9.3-p362/gems/sinatra-1.3.3/lib/sinatra/base.rb:99:in `call'
	/home/scott/.rvm/gems/ruby-1.9.3-p362/gems/sinatra-1.3.3/lib/sinatra/base.rb:1389:in `block in call'
	/home/scott/.rvm/gems/ruby-1.9.3-p362/gems/sinatra-1.3.3/lib/sinatra/base.rb:1471:in `synchronize'
	/home/scott/.rvm/gems/ruby-1.9.3-p362/gems/sinatra-1.3.3/lib/sinatra/base.rb:1389:in `call'
	/home/scott/.rvm/gems/ruby-1.9.3-p362/gems/rack-1.4.4/lib/rack/lint.rb:48:in `_call'
	/home/scott/.rvm/gems/ruby-1.9.3-p362/gems/rack-1.4.4/lib/rack/lint.rb:36:in `call'
	/home/scott/.rvm/gems/ruby-1.9.3-p362/gems/rack-1.4.4/lib/rack/showexceptions.rb:24:in `call'
	/home/scott/.rvm/gems/ruby-1.9.3-p362/gems/rack-1.4.4/lib/rack/commonlogger.rb:33:in `call'
	/home/scott/.rvm/gems/ruby-1.9.3-p362/gems/sinatra-1.3.3/lib/sinatra/base.rb:136:in `call'
	/home/scott/.rvm/gems/ruby-1.9.3-p362/gems/rack-1.4.4/lib/rack/chunked.rb:43:in `call'
	/home/scott/.rvm/gems/ruby-1.9.3-p362/gems/rack-1.4.4/lib/rack/content_length.rb:14:in `call'
	/home/scott/.rvm/gems/ruby-1.9.3-p362/gems/rack-1.4.4/lib/rack/handler/webrick.rb:59:in `service'
	/home/scott/.rvm/rubies/ruby-1.9.3-p362/lib/ruby/1.9.1/webrick/httpserver.rb:138:in `service'
	/home/scott/.rvm/rubies/ruby-1.9.3-p362/lib/ruby/1.9.1/webrick/httpserver.rb:94:in `run'
	/home/scott/.rvm/rubies/ruby-1.9.3-p362/lib/ruby/1.9.1/webrick/server.rb:191:in `block in start_thread'
127.0.0.1 - - [03/May/2013 21:45:34] "GET /f/141/21 HTTP/1.1" 500 146716 0.0504
127.0.0.1 - - [03/May/2013 21:45:34] "GET /favicon.ico HTTP/1.1" 404 447 0.0023
[2013-05-03 21:45:45] INFO  going to shutdown ...
[2013-05-03 21:45:45] INFO  WEBrick::HTTPServer#start done.
[2013-05-03 21:46:58] INFO  WEBrick 1.3.1
[2013-05-03 21:46:58] INFO  ruby 1.9.3 (2012-12-25) [i686-linux]
[2013-05-03 21:46:58] INFO  WEBrick::HTTPServer#start: pid=19443 port=9292
        SECURITY WARNING: No secret option provided to Rack::Session::Cookie.
        This poses a security threat. It is strongly recommended that you
        provide a secret to prevent exploits that may be possible from crafted
        cookies. This will not be supported in future versions of Rack, and
        future versions will even invalidate your existing user cookies.

        Called from: /home/scott/.rvm/gems/ruby-1.9.3-p362/gems/rack-1.4.4/lib/rack/builder.rb:82:in `new'.

ArgumentError - The number of arguments for the key is invalid, expected 3 but was 1:
	/home/scott/.rvm/gems/ruby-1.9.3-p362/gems/dm-core-1.2.0/lib/dm-core/model.rb:820:in `assert_valid_key_size'
	/home/scott/.rvm/gems/ruby-1.9.3-p362/gems/dm-core-1.2.0/lib/dm-core/model.rb:271:in `get'
	/home/scott/project/ctcgator/web/routes/feed.rb:14:in `block in <class:CTCGator>'
	/home/scott/.rvm/gems/ruby-1.9.3-p362/gems/sinatra-1.3.3/lib/sinatra/base.rb:1265:in `call'
	/home/scott/.rvm/gems/ruby-1.9.3-p362/gems/sinatra-1.3.3/lib/sinatra/base.rb:1265:in `block in compile!'
	/home/scott/.rvm/gems/ruby-1.9.3-p362/gems/sinatra-1.3.3/lib/sinatra/base.rb:835:in `[]'
	/home/scott/.rvm/gems/ruby-1.9.3-p362/gems/sinatra-1.3.3/lib/sinatra/base.rb:835:in `block (3 levels) in route!'
	/home/scott/.rvm/gems/ruby-1.9.3-p362/gems/sinatra-1.3.3/lib/sinatra/base.rb:851:in `route_eval'
	/home/scott/.rvm/gems/ruby-1.9.3-p362/gems/sinatra-1.3.3/lib/sinatra/base.rb:835:in `block (2 levels) in route!'
	/home/scott/.rvm/gems/ruby-1.9.3-p362/gems/sinatra-1.3.3/lib/sinatra/base.rb:872:in `block in process_route'
	/home/scott/.rvm/gems/ruby-1.9.3-p362/gems/sinatra-1.3.3/lib/sinatra/base.rb:870:in `catch'
	/home/scott/.rvm/gems/ruby-1.9.3-p362/gems/sinatra-1.3.3/lib/sinatra/base.rb:870:in `process_route'
	/home/scott/.rvm/gems/ruby-1.9.3-p362/gems/sinatra-1.3.3/lib/sinatra/base.rb:834:in `block in route!'
	/home/scott/.rvm/gems/ruby-1.9.3-p362/gems/sinatra-1.3.3/lib/sinatra/base.rb:833:in `each'
	/home/scott/.rvm/gems/ruby-1.9.3-p362/gems/sinatra-1.3.3/lib/sinatra/base.rb:833:in `route!'
	/home/scott/.rvm/gems/ruby-1.9.3-p362/gems/sinatra-1.3.3/lib/sinatra/base.rb:936:in `dispatch!'
	/home/scott/.rvm/gems/ruby-1.9.3-p362/gems/sinatra-1.3.3/lib/sinatra/base.rb:769:in `block in call!'
	/home/scott/.rvm/gems/ruby-1.9.3-p362/gems/sinatra-1.3.3/lib/sinatra/base.rb:921:in `block in invoke'
	/home/scott/.rvm/gems/ruby-1.9.3-p362/gems/sinatra-1.3.3/lib/sinatra/base.rb:921:in `catch'
	/home/scott/.rvm/gems/ruby-1.9.3-p362/gems/sinatra-1.3.3/lib/sinatra/base.rb:921:in `invoke'
	/home/scott/.rvm/gems/ruby-1.9.3-p362/gems/sinatra-1.3.3/lib/sinatra/base.rb:769:in `call!'
	/home/scott/.rvm/gems/ruby-1.9.3-p362/gems/sinatra-1.3.3/lib/sinatra/base.rb:755:in `call'
	/home/scott/.rvm/gems/ruby-1.9.3-p362/gems/rack-protection-1.3.2/lib/rack/protection/xss_header.rb:27:in `call'
	/home/scott/.rvm/gems/ruby-1.9.3-p362/gems/rack-protection-1.3.2/lib/rack/protection/base.rb:48:in `call'
	/home/scott/.rvm/gems/ruby-1.9.3-p362/gems/rack-protection-1.3.2/lib/rack/protection/base.rb:48:in `call'
	/home/scott/.rvm/gems/ruby-1.9.3-p362/gems/rack-protection-1.3.2/lib/rack/protection/path_traversal.rb:16:in `call'
	/home/scott/.rvm/gems/ruby-1.9.3-p362/gems/rack-protection-1.3.2/lib/rack/protection/json_csrf.rb:17:in `call'
	/home/scott/.rvm/gems/ruby-1.9.3-p362/gems/rack-protection-1.3.2/lib/rack/protection/base.rb:48:in `call'
	/home/scott/.rvm/gems/ruby-1.9.3-p362/gems/rack-protection-1.3.2/lib/rack/protection/base.rb:48:in `call'
	/home/scott/.rvm/gems/ruby-1.9.3-p362/gems/rack-protection-1.3.2/lib/rack/protection/xss_header.rb:27:in `call'
	/home/scott/.rvm/gems/ruby-1.9.3-p362/gems/rack-1.4.4/lib/rack/session/abstract/id.rb:210:in `context'
	/home/scott/.rvm/gems/ruby-1.9.3-p362/gems/rack-1.4.4/lib/rack/session/abstract/id.rb:205:in `call'
	/home/scott/.rvm/gems/ruby-1.9.3-p362/gems/rack-1.4.4/lib/rack/logger.rb:15:in `call'
	/home/scott/.rvm/gems/ruby-1.9.3-p362/gems/sinatra-1.3.3/lib/sinatra/base.rb:129:in `call'
	/home/scott/.rvm/gems/ruby-1.9.3-p362/gems/rack-1.4.4/lib/rack/head.rb:9:in `call'
	/home/scott/.rvm/gems/ruby-1.9.3-p362/gems/rack-1.4.4/lib/rack/methodoverride.rb:21:in `call'
	/home/scott/.rvm/gems/ruby-1.9.3-p362/gems/sinatra-1.3.3/lib/sinatra/showexceptions.rb:21:in `call'
	/home/scott/.rvm/gems/ruby-1.9.3-p362/gems/sinatra-1.3.3/lib/sinatra/base.rb:99:in `call'
	/home/scott/.rvm/gems/ruby-1.9.3-p362/gems/sinatra-1.3.3/lib/sinatra/base.rb:1389:in `block in call'
	/home/scott/.rvm/gems/ruby-1.9.3-p362/gems/sinatra-1.3.3/lib/sinatra/base.rb:1471:in `synchronize'
	/home/scott/.rvm/gems/ruby-1.9.3-p362/gems/sinatra-1.3.3/lib/sinatra/base.rb:1389:in `call'
	/home/scott/.rvm/gems/ruby-1.9.3-p362/gems/rack-1.4.4/lib/rack/lint.rb:48:in `_call'
	/home/scott/.rvm/gems/ruby-1.9.3-p362/gems/rack-1.4.4/lib/rack/lint.rb:36:in `call'
	/home/scott/.rvm/gems/ruby-1.9.3-p362/gems/rack-1.4.4/lib/rack/showexceptions.rb:24:in `call'
	/home/scott/.rvm/gems/ruby-1.9.3-p362/gems/rack-1.4.4/lib/rack/commonlogger.rb:33:in `call'
	/home/scott/.rvm/gems/ruby-1.9.3-p362/gems/sinatra-1.3.3/lib/sinatra/base.rb:136:in `call'
	/home/scott/.rvm/gems/ruby-1.9.3-p362/gems/rack-1.4.4/lib/rack/chunked.rb:43:in `call'
	/home/scott/.rvm/gems/ruby-1.9.3-p362/gems/rack-1.4.4/lib/rack/content_length.rb:14:in `call'
	/home/scott/.rvm/gems/ruby-1.9.3-p362/gems/rack-1.4.4/lib/rack/handler/webrick.rb:59:in `service'
	/home/scott/.rvm/rubies/ruby-1.9.3-p362/lib/ruby/1.9.1/webrick/httpserver.rb:138:in `service'
	/home/scott/.rvm/rubies/ruby-1.9.3-p362/lib/ruby/1.9.1/webrick/httpserver.rb:94:in `run'
	/home/scott/.rvm/rubies/ruby-1.9.3-p362/lib/ruby/1.9.1/webrick/server.rb:191:in `block in start_thread'
127.0.0.1 - - [03/May/2013 21:47:01] "GET /f/141/21 HTTP/1.1" 500 149605 0.1265
127.0.0.1 - - [03/May/2013 21:47:01] "GET /__sinatra__/500.png HTTP/1.1" 304 - 0.0083
[2013-05-03 21:47:01] WARN  Could not determine content-length of response body. Set content-length of the response or set Response#chunked = true
127.0.0.1 - - [03/May/2013 21:47:01] "GET /favicon.ico HTTP/1.1" 404 447 0.0021
[2013-05-03 21:48:40] INFO  going to shutdown ...
[2013-05-03 21:48:40] INFO  WEBrick::HTTPServer#start done.
[2013-05-03 21:53:41] INFO  WEBrick 1.3.1
[2013-05-03 21:53:41] INFO  ruby 1.9.3 (2012-12-25) [i686-linux]
[2013-05-03 21:53:41] INFO  WEBrick::HTTPServer#start: pid=19670 port=9292
        SECURITY WARNING: No secret option provided to Rack::Session::Cookie.
        This poses a security threat. It is strongly recommended that you
        provide a secret to prevent exploits that may be possible from crafted
        cookies. This will not be supported in future versions of Rack, and
        future versions will even invalidate your existing user cookies.

        Called from: /home/scott/.rvm/gems/ruby-1.9.3-p362/gems/rack-1.4.4/lib/rack/builder.rb:82:in `new'.

NoMethodError - undefined method `title' for nil:NilClass:
	/home/scott/project/ctcgator/web/views/entry.erb:1:in `evaluate_source'
	/home/scott/.rvm/gems/ruby-1.9.3-p362/gems/tilt-1.3.3/lib/tilt/template.rb:209:in `instance_eval'
	/home/scott/.rvm/gems/ruby-1.9.3-p362/gems/tilt-1.3.3/lib/tilt/template.rb:209:in `evaluate_source'
	/home/scott/.rvm/gems/ruby-1.9.3-p362/gems/tilt-1.3.3/lib/tilt/template.rb:144:in `cached_evaluate'
	/home/scott/.rvm/gems/ruby-1.9.3-p362/gems/tilt-1.3.3/lib/tilt/template.rb:127:in `evaluate'
	/home/scott/.rvm/gems/ruby-1.9.3-p362/gems/tilt-1.3.3/lib/tilt/template.rb:76:in `render'
	/home/scott/.rvm/gems/ruby-1.9.3-p362/gems/sinatra-1.3.3/lib/sinatra/base.rb:686:in `render'
	/home/scott/.rvm/gems/ruby-1.9.3-p362/gems/sinatra-1.3.3/lib/sinatra/base.rb:572:in `erb'
	/home/scott/project/ctcgator/web/routes/feed.rb:15:in `block in <class:CTCGator>'
	/home/scott/.rvm/gems/ruby-1.9.3-p362/gems/sinatra-1.3.3/lib/sinatra/base.rb:1265:in `call'
	/home/scott/.rvm/gems/ruby-1.9.3-p362/gems/sinatra-1.3.3/lib/sinatra/base.rb:1265:in `block in compile!'
	/home/scott/.rvm/gems/ruby-1.9.3-p362/gems/sinatra-1.3.3/lib/sinatra/base.rb:835:in `[]'
	/home/scott/.rvm/gems/ruby-1.9.3-p362/gems/sinatra-1.3.3/lib/sinatra/base.rb:835:in `block (3 levels) in route!'
	/home/scott/.rvm/gems/ruby-1.9.3-p362/gems/sinatra-1.3.3/lib/sinatra/base.rb:851:in `route_eval'
	/home/scott/.rvm/gems/ruby-1.9.3-p362/gems/sinatra-1.3.3/lib/sinatra/base.rb:835:in `block (2 levels) in route!'
	/home/scott/.rvm/gems/ruby-1.9.3-p362/gems/sinatra-1.3.3/lib/sinatra/base.rb:872:in `block in process_route'
	/home/scott/.rvm/gems/ruby-1.9.3-p362/gems/sinatra-1.3.3/lib/sinatra/base.rb:870:in `catch'
	/home/scott/.rvm/gems/ruby-1.9.3-p362/gems/sinatra-1.3.3/lib/sinatra/base.rb:870:in `process_route'
	/home/scott/.rvm/gems/ruby-1.9.3-p362/gems/sinatra-1.3.3/lib/sinatra/base.rb:834:in `block in route!'
	/home/scott/.rvm/gems/ruby-1.9.3-p362/gems/sinatra-1.3.3/lib/sinatra/base.rb:833:in `each'
	/home/scott/.rvm/gems/ruby-1.9.3-p362/gems/sinatra-1.3.3/lib/sinatra/base.rb:833:in `route!'
	/home/scott/.rvm/gems/ruby-1.9.3-p362/gems/sinatra-1.3.3/lib/sinatra/base.rb:936:in `dispatch!'
	/home/scott/.rvm/gems/ruby-1.9.3-p362/gems/sinatra-1.3.3/lib/sinatra/base.rb:769:in `block in call!'
	/home/scott/.rvm/gems/ruby-1.9.3-p362/gems/sinatra-1.3.3/lib/sinatra/base.rb:921:in `block in invoke'
	/home/scott/.rvm/gems/ruby-1.9.3-p362/gems/sinatra-1.3.3/lib/sinatra/base.rb:921:in `catch'
	/home/scott/.rvm/gems/ruby-1.9.3-p362/gems/sinatra-1.3.3/lib/sinatra/base.rb:921:in `invoke'
	/home/scott/.rvm/gems/ruby-1.9.3-p362/gems/sinatra-1.3.3/lib/sinatra/base.rb:769:in `call!'
	/home/scott/.rvm/gems/ruby-1.9.3-p362/gems/sinatra-1.3.3/lib/sinatra/base.rb:755:in `call'
	/home/scott/.rvm/gems/ruby-1.9.3-p362/gems/rack-protection-1.3.2/lib/rack/protection/xss_header.rb:27:in `call'
	/home/scott/.rvm/gems/ruby-1.9.3-p362/gems/rack-protection-1.3.2/lib/rack/protection/base.rb:48:in `call'
	/home/scott/.rvm/gems/ruby-1.9.3-p362/gems/rack-protection-1.3.2/lib/rack/protection/base.rb:48:in `call'
	/home/scott/.rvm/gems/ruby-1.9.3-p362/gems/rack-protection-1.3.2/lib/rack/protection/path_traversal.rb:16:in `call'
	/home/scott/.rvm/gems/ruby-1.9.3-p362/gems/rack-protection-1.3.2/lib/rack/protection/json_csrf.rb:17:in `call'
	/home/scott/.rvm/gems/ruby-1.9.3-p362/gems/rack-protection-1.3.2/lib/rack/protection/base.rb:48:in `call'
	/home/scott/.rvm/gems/ruby-1.9.3-p362/gems/rack-protection-1.3.2/lib/rack/protection/base.rb:48:in `call'
	/home/scott/.rvm/gems/ruby-1.9.3-p362/gems/rack-protection-1.3.2/lib/rack/protection/xss_header.rb:27:in `call'
	/home/scott/.rvm/gems/ruby-1.9.3-p362/gems/rack-1.4.4/lib/rack/session/abstract/id.rb:210:in `context'
	/home/scott/.rvm/gems/ruby-1.9.3-p362/gems/rack-1.4.4/lib/rack/session/abstract/id.rb:205:in `call'
	/home/scott/.rvm/gems/ruby-1.9.3-p362/gems/rack-1.4.4/lib/rack/logger.rb:15:in `call'
	/home/scott/.rvm/gems/ruby-1.9.3-p362/gems/sinatra-1.3.3/lib/sinatra/base.rb:129:in `call'
	/home/scott/.rvm/gems/ruby-1.9.3-p362/gems/rack-1.4.4/lib/rack/head.rb:9:in `call'
	/home/scott/.rvm/gems/ruby-1.9.3-p362/gems/rack-1.4.4/lib/rack/methodoverride.rb:21:in `call'
	/home/scott/.rvm/gems/ruby-1.9.3-p362/gems/sinatra-1.3.3/lib/sinatra/showexceptions.rb:21:in `call'
	/home/scott/.rvm/gems/ruby-1.9.3-p362/gems/sinatra-1.3.3/lib/sinatra/base.rb:99:in `call'
	/home/scott/.rvm/gems/ruby-1.9.3-p362/gems/sinatra-1.3.3/lib/sinatra/base.rb:1389:in `block in call'
	/home/scott/.rvm/gems/ruby-1.9.3-p362/gems/sinatra-1.3.3/lib/sinatra/base.rb:1471:in `synchronize'
	/home/scott/.rvm/gems/ruby-1.9.3-p362/gems/sinatra-1.3.3/lib/sinatra/base.rb:1389:in `call'
	/home/scott/.rvm/gems/ruby-1.9.3-p362/gems/rack-1.4.4/lib/rack/lint.rb:48:in `_call'
	/home/scott/.rvm/gems/ruby-1.9.3-p362/gems/rack-1.4.4/lib/rack/lint.rb:36:in `call'
	/home/scott/.rvm/gems/ruby-1.9.3-p362/gems/rack-1.4.4/lib/rack/showexceptions.rb:24:in `call'
	/home/scott/.rvm/gems/ruby-1.9.3-p362/gems/rack-1.4.4/lib/rack/commonlogger.rb:33:in `call'
	/home/scott/.rvm/gems/ruby-1.9.3-p362/gems/sinatra-1.3.3/lib/sinatra/base.rb:136:in `call'
	/home/scott/.rvm/gems/ruby-1.9.3-p362/gems/rack-1.4.4/lib/rack/chunked.rb:43:in `call'
	/home/scott/.rvm/gems/ruby-1.9.3-p362/gems/rack-1.4.4/lib/rack/content_length.rb:14:in `call'
	/home/scott/.rvm/gems/ruby-1.9.3-p362/gems/rack-1.4.4/lib/rack/handler/webrick.rb:59:in `service'
	/home/scott/.rvm/rubies/ruby-1.9.3-p362/lib/ruby/1.9.1/webrick/httpserver.rb:138:in `service'
	/home/scott/.rvm/rubies/ruby-1.9.3-p362/lib/ruby/1.9.1/webrick/httpserver.rb:94:in `run'
	/home/scott/.rvm/rubies/ruby-1.9.3-p362/lib/ruby/1.9.1/webrick/server.rb:191:in `block in start_thread'
127.0.0.1 - - [03/May/2013 21:53:45] "GET /f/141/21 HTTP/1.1" 500 163946 0.1369
127.0.0.1 - - [03/May/2013 21:53:46] "GET /__sinatra__/500.png HTTP/1.1" 304 - 0.0083
[2013-05-03 21:53:46] WARN  Could not determine content-length of response body. Set content-length of the response or set Response#chunked = true
127.0.0.1 - - [03/May/2013 21:53:46] "GET /favicon.ico HTTP/1.1" 404 447 0.0025
[2013-05-03 21:53:59] INFO  going to shutdown ...
[2013-05-03 21:53:59] INFO  WEBrick::HTTPServer#start done.
[2013-05-03 21:55:41] INFO  WEBrick 1.3.1
[2013-05-03 21:55:41] INFO  ruby 1.9.3 (2012-12-25) [i686-linux]
[2013-05-03 21:55:42] INFO  WEBrick::HTTPServer#start: pid=19777 port=9292
        SECURITY WARNING: No secret option provided to Rack::Session::Cookie.
        This poses a security threat. It is strongly recommended that you
        provide a secret to prevent exploits that may be possible from crafted
        cookies. This will not be supported in future versions of Rack, and
        future versions will even invalidate your existing user cookies.

        Called from: /home/scott/.rvm/gems/ruby-1.9.3-p362/gems/rack-1.4.4/lib/rack/builder.rb:82:in `new'.

NameError - undefined local variable or method `feedid' for #<CTCGator:0x8d05824>:
	/home/scott/project/ctcgator/web/routes/feed.rb:16:in `block in <class:CTCGator>'
	/home/scott/.rvm/gems/ruby-1.9.3-p362/gems/sinatra-1.3.3/lib/sinatra/base.rb:1265:in `call'
	/home/scott/.rvm/gems/ruby-1.9.3-p362/gems/sinatra-1.3.3/lib/sinatra/base.rb:1265:in `block in compile!'
	/home/scott/.rvm/gems/ruby-1.9.3-p362/gems/sinatra-1.3.3/lib/sinatra/base.rb:835:in `[]'
	/home/scott/.rvm/gems/ruby-1.9.3-p362/gems/sinatra-1.3.3/lib/sinatra/base.rb:835:in `block (3 levels) in route!'
	/home/scott/.rvm/gems/ruby-1.9.3-p362/gems/sinatra-1.3.3/lib/sinatra/base.rb:851:in `route_eval'
	/home/scott/.rvm/gems/ruby-1.9.3-p362/gems/sinatra-1.3.3/lib/sinatra/base.rb:835:in `block (2 levels) in route!'
	/home/scott/.rvm/gems/ruby-1.9.3-p362/gems/sinatra-1.3.3/lib/sinatra/base.rb:872:in `block in process_route'
	/home/scott/.rvm/gems/ruby-1.9.3-p362/gems/sinatra-1.3.3/lib/sinatra/base.rb:870:in `catch'
	/home/scott/.rvm/gems/ruby-1.9.3-p362/gems/sinatra-1.3.3/lib/sinatra/base.rb:870:in `process_route'
	/home/scott/.rvm/gems/ruby-1.9.3-p362/gems/sinatra-1.3.3/lib/sinatra/base.rb:834:in `block in route!'
	/home/scott/.rvm/gems/ruby-1.9.3-p362/gems/sinatra-1.3.3/lib/sinatra/base.rb:833:in `each'
	/home/scott/.rvm/gems/ruby-1.9.3-p362/gems/sinatra-1.3.3/lib/sinatra/base.rb:833:in `route!'
	/home/scott/.rvm/gems/ruby-1.9.3-p362/gems/sinatra-1.3.3/lib/sinatra/base.rb:936:in `dispatch!'
	/home/scott/.rvm/gems/ruby-1.9.3-p362/gems/sinatra-1.3.3/lib/sinatra/base.rb:769:in `block in call!'
	/home/scott/.rvm/gems/ruby-1.9.3-p362/gems/sinatra-1.3.3/lib/sinatra/base.rb:921:in `block in invoke'
	/home/scott/.rvm/gems/ruby-1.9.3-p362/gems/sinatra-1.3.3/lib/sinatra/base.rb:921:in `catch'
	/home/scott/.rvm/gems/ruby-1.9.3-p362/gems/sinatra-1.3.3/lib/sinatra/base.rb:921:in `invoke'
	/home/scott/.rvm/gems/ruby-1.9.3-p362/gems/sinatra-1.3.3/lib/sinatra/base.rb:769:in `call!'
	/home/scott/.rvm/gems/ruby-1.9.3-p362/gems/sinatra-1.3.3/lib/sinatra/base.rb:755:in `call'
	/home/scott/.rvm/gems/ruby-1.9.3-p362/gems/rack-protection-1.3.2/lib/rack/protection/xss_header.rb:27:in `call'
	/home/scott/.rvm/gems/ruby-1.9.3-p362/gems/rack-protection-1.3.2/lib/rack/protection/base.rb:48:in `call'
	/home/scott/.rvm/gems/ruby-1.9.3-p362/gems/rack-protection-1.3.2/lib/rack/protection/base.rb:48:in `call'
	/home/scott/.rvm/gems/ruby-1.9.3-p362/gems/rack-protection-1.3.2/lib/rack/protection/path_traversal.rb:16:in `call'
	/home/scott/.rvm/gems/ruby-1.9.3-p362/gems/rack-protection-1.3.2/lib/rack/protection/json_csrf.rb:17:in `call'
	/home/scott/.rvm/gems/ruby-1.9.3-p362/gems/rack-protection-1.3.2/lib/rack/protection/base.rb:48:in `call'
	/home/scott/.rvm/gems/ruby-1.9.3-p362/gems/rack-protection-1.3.2/lib/rack/protection/base.rb:48:in `call'
	/home/scott/.rvm/gems/ruby-1.9.3-p362/gems/rack-protection-1.3.2/lib/rack/protection/xss_header.rb:27:in `call'
	/home/scott/.rvm/gems/ruby-1.9.3-p362/gems/rack-1.4.4/lib/rack/session/abstract/id.rb:210:in `context'
	/home/scott/.rvm/gems/ruby-1.9.3-p362/gems/rack-1.4.4/lib/rack/session/abstract/id.rb:205:in `call'
	/home/scott/.rvm/gems/ruby-1.9.3-p362/gems/rack-1.4.4/lib/rack/logger.rb:15:in `call'
	/home/scott/.rvm/gems/ruby-1.9.3-p362/gems/sinatra-1.3.3/lib/sinatra/base.rb:129:in `call'
	/home/scott/.rvm/gems/ruby-1.9.3-p362/gems/rack-1.4.4/lib/rack/head.rb:9:in `call'
	/home/scott/.rvm/gems/ruby-1.9.3-p362/gems/rack-1.4.4/lib/rack/methodoverride.rb:21:in `call'
	/home/scott/.rvm/gems/ruby-1.9.3-p362/gems/sinatra-1.3.3/lib/sinatra/showexceptions.rb:21:in `call'
	/home/scott/.rvm/gems/ruby-1.9.3-p362/gems/sinatra-1.3.3/lib/sinatra/base.rb:99:in `call'
	/home/scott/.rvm/gems/ruby-1.9.3-p362/gems/sinatra-1.3.3/lib/sinatra/base.rb:1389:in `block in call'
	/home/scott/.rvm/gems/ruby-1.9.3-p362/gems/sinatra-1.3.3/lib/sinatra/base.rb:1471:in `synchronize'
	/home/scott/.rvm/gems/ruby-1.9.3-p362/gems/sinatra-1.3.3/lib/sinatra/base.rb:1389:in `call'
	/home/scott/.rvm/gems/ruby-1.9.3-p362/gems/rack-1.4.4/lib/rack/lint.rb:48:in `_call'
	/home/scott/.rvm/gems/ruby-1.9.3-p362/gems/rack-1.4.4/lib/rack/lint.rb:36:in `call'
	/home/scott/.rvm/gems/ruby-1.9.3-p362/gems/rack-1.4.4/lib/rack/showexceptions.rb:24:in `call'
	/home/scott/.rvm/gems/ruby-1.9.3-p362/gems/rack-1.4.4/lib/rack/commonlogger.rb:33:in `call'
	/home/scott/.rvm/gems/ruby-1.9.3-p362/gems/sinatra-1.3.3/lib/sinatra/base.rb:136:in `call'
	/home/scott/.rvm/gems/ruby-1.9.3-p362/gems/rack-1.4.4/lib/rack/chunked.rb:43:in `call'
	/home/scott/.rvm/gems/ruby-1.9.3-p362/gems/rack-1.4.4/lib/rack/content_length.rb:14:in `call'
	/home/scott/.rvm/gems/ruby-1.9.3-p362/gems/rack-1.4.4/lib/rack/handler/webrick.rb:59:in `service'
	/home/scott/.rvm/rubies/ruby-1.9.3-p362/lib/ruby/1.9.1/webrick/httpserver.rb:138:in `service'
	/home/scott/.rvm/rubies/ruby-1.9.3-p362/lib/ruby/1.9.1/webrick/httpserver.rb:94:in `run'
	/home/scott/.rvm/rubies/ruby-1.9.3-p362/lib/ruby/1.9.1/webrick/server.rb:191:in `block in start_thread'
127.0.0.1 - - [03/May/2013 21:55:44] "GET /f/141/21 HTTP/1.1" 500 144435 0.1275
127.0.0.1 - - [03/May/2013 21:55:44] "GET /__sinatra__/500.png HTTP/1.1" 304 - 0.0098
[2013-05-03 21:55:44] WARN  Could not determine content-length of response body. Set content-length of the response or set Response#chunked = true
127.0.0.1 - - [03/May/2013 21:55:44] "GET /favicon.ico HTTP/1.1" 404 447 0.0025
[2013-05-03 21:55:50] INFO  going to shutdown ...
[2013-05-03 21:55:50] INFO  WEBrick::HTTPServer#start done.
[2013-05-03 21:56:19] INFO  WEBrick 1.3.1
[2013-05-03 21:56:19] INFO  ruby 1.9.3 (2012-12-25) [i686-linux]
[2013-05-03 21:56:19] INFO  WEBrick::HTTPServer#start: pid=19809 port=9292
        SECURITY WARNING: No secret option provided to Rack::Session::Cookie.
        This poses a security threat. It is strongly recommended that you
        provide a secret to prevent exploits that may be possible from crafted
        cookies. This will not be supported in future versions of Rack, and
        future versions will even invalidate your existing user cookies.

        Called from: /home/scott/.rvm/gems/ruby-1.9.3-p362/gems/rack-1.4.4/lib/rack/builder.rb:82:in `new'.

141127.0.0.1 - - [03/May/2013 21:56:25] "GET /f/141/21 HTTP/1.1" 200 - 0.0840
127.0.0.1 - - [03/May/2013 21:56:25] "GET /favicon.ico HTTP/1.1" 404 447 0.0020
127.0.0.1 - - [03/May/2013 21:56:30] "GET /favicon.ico HTTP/1.1" 404 447 0.0018
[2013-05-03 21:56:39] INFO  going to shutdown ...
[2013-05-03 21:56:39] INFO  WEBrick::HTTPServer#start done.
[2013-05-03 21:58:14] INFO  WEBrick 1.3.1
[2013-05-03 21:58:14] INFO  ruby 1.9.3 (2012-12-25) [i686-linux]
[2013-05-03 21:58:14] INFO  WEBrick::HTTPServer#start: pid=19848 port=9292
        SECURITY WARNING: No secret option provided to Rack::Session::Cookie.
        This poses a security threat. It is strongly recommended that you
        provide a secret to prevent exploits that may be possible from crafted
        cookies. This will not be supported in future versions of Rack, and
        future versions will even invalidate your existing user cookies.

        Called from: /home/scott/.rvm/gems/ruby-1.9.3-p362/gems/rack-1.4.4/lib/rack/builder.rb:82:in `new'.

127.0.0.1 - - [03/May/2013 21:58:20] "GET /f/141/21 HTTP/1.1" 200 3 0.0820
127.0.0.1 - - [03/May/2013 21:58:20] "GET /favicon.ico HTTP/1.1" 404 447 0.0024
[2013-05-03 21:58:23] INFO  going to shutdown ...
[2013-05-03 21:58:23] INFO  WEBrick::HTTPServer#start done.
[2013-05-03 21:58:48] INFO  WEBrick 1.3.1
[2013-05-03 21:58:48] INFO  ruby 1.9.3 (2012-12-25) [i686-linux]
[2013-05-03 21:58:48] INFO  WEBrick::HTTPServer#start: pid=19876 port=9292
        SECURITY WARNING: No secret option provided to Rack::Session::Cookie.
        This poses a security threat. It is strongly recommended that you
        provide a secret to prevent exploits that may be possible from crafted
        cookies. This will not be supported in future versions of Rack, and
        future versions will even invalidate your existing user cookies.

        Called from: /home/scott/.rvm/gems/ruby-1.9.3-p362/gems/rack-1.4.4/lib/rack/builder.rb:82:in `new'.

127.0.0.1 - - [03/May/2013 21:58:50] "GET /f/141/21 HTTP/1.1" 200 6 0.0822
127.0.0.1 - - [03/May/2013 21:58:50] "GET /favicon.ico HTTP/1.1" 404 447 0.0022
[2013-05-03 21:58:55] INFO  going to shutdown ...
[2013-05-03 21:58:55] INFO  WEBrick::HTTPServer#start done.
[2013-05-03 21:59:35] INFO  WEBrick 1.3.1
[2013-05-03 21:59:35] INFO  ruby 1.9.3 (2012-12-25) [i686-linux]
[2013-05-03 21:59:35] INFO  WEBrick::HTTPServer#start: pid=19890 port=9292
        SECURITY WARNING: No secret option provided to Rack::Session::Cookie.
        This poses a security threat. It is strongly recommended that you
        provide a secret to prevent exploits that may be possible from crafted
        cookies. This will not be supported in future versions of Rack, and
        future versions will even invalidate your existing user cookies.

        Called from: /home/scott/.rvm/gems/ruby-1.9.3-p362/gems/rack-1.4.4/lib/rack/builder.rb:82:in `new'.

NoMethodError - undefined method `title' for nil:NilClass:
	/home/scott/project/ctcgator/web/routes/feed.rb:16:in `block in <class:CTCGator>'
	/home/scott/.rvm/gems/ruby-1.9.3-p362/gems/sinatra-1.3.3/lib/sinatra/base.rb:1265:in `call'
	/home/scott/.rvm/gems/ruby-1.9.3-p362/gems/sinatra-1.3.3/lib/sinatra/base.rb:1265:in `block in compile!'
	/home/scott/.rvm/gems/ruby-1.9.3-p362/gems/sinatra-1.3.3/lib/sinatra/base.rb:835:in `[]'
	/home/scott/.rvm/gems/ruby-1.9.3-p362/gems/sinatra-1.3.3/lib/sinatra/base.rb:835:in `block (3 levels) in route!'
	/home/scott/.rvm/gems/ruby-1.9.3-p362/gems/sinatra-1.3.3/lib/sinatra/base.rb:851:in `route_eval'
	/home/scott/.rvm/gems/ruby-1.9.3-p362/gems/sinatra-1.3.3/lib/sinatra/base.rb:835:in `block (2 levels) in route!'
	/home/scott/.rvm/gems/ruby-1.9.3-p362/gems/sinatra-1.3.3/lib/sinatra/base.rb:872:in `block in process_route'
	/home/scott/.rvm/gems/ruby-1.9.3-p362/gems/sinatra-1.3.3/lib/sinatra/base.rb:870:in `catch'
	/home/scott/.rvm/gems/ruby-1.9.3-p362/gems/sinatra-1.3.3/lib/sinatra/base.rb:870:in `process_route'
	/home/scott/.rvm/gems/ruby-1.9.3-p362/gems/sinatra-1.3.3/lib/sinatra/base.rb:834:in `block in route!'
	/home/scott/.rvm/gems/ruby-1.9.3-p362/gems/sinatra-1.3.3/lib/sinatra/base.rb:833:in `each'
	/home/scott/.rvm/gems/ruby-1.9.3-p362/gems/sinatra-1.3.3/lib/sinatra/base.rb:833:in `route!'
	/home/scott/.rvm/gems/ruby-1.9.3-p362/gems/sinatra-1.3.3/lib/sinatra/base.rb:936:in `dispatch!'
	/home/scott/.rvm/gems/ruby-1.9.3-p362/gems/sinatra-1.3.3/lib/sinatra/base.rb:769:in `block in call!'
	/home/scott/.rvm/gems/ruby-1.9.3-p362/gems/sinatra-1.3.3/lib/sinatra/base.rb:921:in `block in invoke'
	/home/scott/.rvm/gems/ruby-1.9.3-p362/gems/sinatra-1.3.3/lib/sinatra/base.rb:921:in `catch'
	/home/scott/.rvm/gems/ruby-1.9.3-p362/gems/sinatra-1.3.3/lib/sinatra/base.rb:921:in `invoke'
	/home/scott/.rvm/gems/ruby-1.9.3-p362/gems/sinatra-1.3.3/lib/sinatra/base.rb:769:in `call!'
	/home/scott/.rvm/gems/ruby-1.9.3-p362/gems/sinatra-1.3.3/lib/sinatra/base.rb:755:in `call'
	/home/scott/.rvm/gems/ruby-1.9.3-p362/gems/rack-protection-1.3.2/lib/rack/protection/xss_header.rb:27:in `call'
	/home/scott/.rvm/gems/ruby-1.9.3-p362/gems/rack-protection-1.3.2/lib/rack/protection/base.rb:48:in `call'
	/home/scott/.rvm/gems/ruby-1.9.3-p362/gems/rack-protection-1.3.2/lib/rack/protection/base.rb:48:in `call'
	/home/scott/.rvm/gems/ruby-1.9.3-p362/gems/rack-protection-1.3.2/lib/rack/protection/path_traversal.rb:16:in `call'
	/home/scott/.rvm/gems/ruby-1.9.3-p362/gems/rack-protection-1.3.2/lib/rack/protection/json_csrf.rb:17:in `call'
	/home/scott/.rvm/gems/ruby-1.9.3-p362/gems/rack-protection-1.3.2/lib/rack/protection/base.rb:48:in `call'
	/home/scott/.rvm/gems/ruby-1.9.3-p362/gems/rack-protection-1.3.2/lib/rack/protection/base.rb:48:in `call'
	/home/scott/.rvm/gems/ruby-1.9.3-p362/gems/rack-protection-1.3.2/lib/rack/protection/xss_header.rb:27:in `call'
	/home/scott/.rvm/gems/ruby-1.9.3-p362/gems/rack-1.4.4/lib/rack/session/abstract/id.rb:210:in `context'
	/home/scott/.rvm/gems/ruby-1.9.3-p362/gems/rack-1.4.4/lib/rack/session/abstract/id.rb:205:in `call'
	/home/scott/.rvm/gems/ruby-1.9.3-p362/gems/rack-1.4.4/lib/rack/logger.rb:15:in `call'
	/home/scott/.rvm/gems/ruby-1.9.3-p362/gems/sinatra-1.3.3/lib/sinatra/base.rb:129:in `call'
	/home/scott/.rvm/gems/ruby-1.9.3-p362/gems/rack-1.4.4/lib/rack/head.rb:9:in `call'
	/home/scott/.rvm/gems/ruby-1.9.3-p362/gems/rack-1.4.4/lib/rack/methodoverride.rb:21:in `call'
	/home/scott/.rvm/gems/ruby-1.9.3-p362/gems/sinatra-1.3.3/lib/sinatra/showexceptions.rb:21:in `call'
	/home/scott/.rvm/gems/ruby-1.9.3-p362/gems/sinatra-1.3.3/lib/sinatra/base.rb:99:in `call'
	/home/scott/.rvm/gems/ruby-1.9.3-p362/gems/sinatra-1.3.3/lib/sinatra/base.rb:1389:in `block in call'
	/home/scott/.rvm/gems/ruby-1.9.3-p362/gems/sinatra-1.3.3/lib/sinatra/base.rb:1471:in `synchronize'
	/home/scott/.rvm/gems/ruby-1.9.3-p362/gems/sinatra-1.3.3/lib/sinatra/base.rb:1389:in `call'
	/home/scott/.rvm/gems/ruby-1.9.3-p362/gems/rack-1.4.4/lib/rack/lint.rb:48:in `_call'
	/home/scott/.rvm/gems/ruby-1.9.3-p362/gems/rack-1.4.4/lib/rack/lint.rb:36:in `call'
	/home/scott/.rvm/gems/ruby-1.9.3-p362/gems/rack-1.4.4/lib/rack/showexceptions.rb:24:in `call'
	/home/scott/.rvm/gems/ruby-1.9.3-p362/gems/rack-1.4.4/lib/rack/commonlogger.rb:33:in `call'
	/home/scott/.rvm/gems/ruby-1.9.3-p362/gems/sinatra-1.3.3/lib/sinatra/base.rb:136:in `call'
	/home/scott/.rvm/gems/ruby-1.9.3-p362/gems/rack-1.4.4/lib/rack/chunked.rb:43:in `call'
	/home/scott/.rvm/gems/ruby-1.9.3-p362/gems/rack-1.4.4/lib/rack/content_length.rb:14:in `call'
	/home/scott/.rvm/gems/ruby-1.9.3-p362/gems/rack-1.4.4/lib/rack/handler/webrick.rb:59:in `service'
	/home/scott/.rvm/rubies/ruby-1.9.3-p362/lib/ruby/1.9.1/webrick/httpserver.rb:138:in `service'
	/home/scott/.rvm/rubies/ruby-1.9.3-p362/lib/ruby/1.9.1/webrick/httpserver.rb:94:in `run'
	/home/scott/.rvm/rubies/ruby-1.9.3-p362/lib/ruby/1.9.1/webrick/server.rb:191:in `block in start_thread'
127.0.0.1 - - [03/May/2013 21:59:37] "GET /f/141/21 HTTP/1.1" 500 144417 0.1246
127.0.0.1 - - [03/May/2013 21:59:37] "GET /__sinatra__/500.png HTTP/1.1" 304 - 0.0125
[2013-05-03 21:59:37] WARN  Could not determine content-length of response body. Set content-length of the response or set Response#chunked = true
127.0.0.1 - - [03/May/2013 21:59:37] "GET /favicon.ico HTTP/1.1" 404 447 0.0025
[2013-05-03 21:59:43] INFO  going to shutdown ...
[2013-05-03 21:59:44] INFO  WEBrick::HTTPServer#start done.
[2013-05-03 22:01:08] INFO  WEBrick 1.3.1
[2013-05-03 22:01:08] INFO  ruby 1.9.3 (2012-12-25) [i686-linux]
[2013-05-03 22:01:08] INFO  WEBrick::HTTPServer#start: pid=19935 port=9292
        SECURITY WARNING: No secret option provided to Rack::Session::Cookie.
        This poses a security threat. It is strongly recommended that you
        provide a secret to prevent exploits that may be possible from crafted
        cookies. This will not be supported in future versions of Rack, and
        future versions will even invalidate your existing user cookies.

        Called from: /home/scott/.rvm/gems/ruby-1.9.3-p362/gems/rack-1.4.4/lib/rack/builder.rb:82:in `new'.

NoMethodError - undefined method `title' for #<DataMapper::Collection:0x855d1bc>:
	/home/scott/.rvm/gems/ruby-1.9.3-p362/gems/dm-core-1.2.0/lib/dm-core/support/lazy_array.rb:426:in `method_missing'
	/home/scott/.rvm/gems/ruby-1.9.3-p362/gems/dm-core-1.2.0/lib/dm-core/collection.rb:1448:in `method_missing'
	/home/scott/project/ctcgator/web/routes/feed.rb:16:in `block in <class:CTCGator>'
	/home/scott/.rvm/gems/ruby-1.9.3-p362/gems/sinatra-1.3.3/lib/sinatra/base.rb:1265:in `call'
	/home/scott/.rvm/gems/ruby-1.9.3-p362/gems/sinatra-1.3.3/lib/sinatra/base.rb:1265:in `block in compile!'
	/home/scott/.rvm/gems/ruby-1.9.3-p362/gems/sinatra-1.3.3/lib/sinatra/base.rb:835:in `[]'
	/home/scott/.rvm/gems/ruby-1.9.3-p362/gems/sinatra-1.3.3/lib/sinatra/base.rb:835:in `block (3 levels) in route!'
	/home/scott/.rvm/gems/ruby-1.9.3-p362/gems/sinatra-1.3.3/lib/sinatra/base.rb:851:in `route_eval'
	/home/scott/.rvm/gems/ruby-1.9.3-p362/gems/sinatra-1.3.3/lib/sinatra/base.rb:835:in `block (2 levels) in route!'
	/home/scott/.rvm/gems/ruby-1.9.3-p362/gems/sinatra-1.3.3/lib/sinatra/base.rb:872:in `block in process_route'
	/home/scott/.rvm/gems/ruby-1.9.3-p362/gems/sinatra-1.3.3/lib/sinatra/base.rb:870:in `catch'
	/home/scott/.rvm/gems/ruby-1.9.3-p362/gems/sinatra-1.3.3/lib/sinatra/base.rb:870:in `process_route'
	/home/scott/.rvm/gems/ruby-1.9.3-p362/gems/sinatra-1.3.3/lib/sinatra/base.rb:834:in `block in route!'
	/home/scott/.rvm/gems/ruby-1.9.3-p362/gems/sinatra-1.3.3/lib/sinatra/base.rb:833:in `each'
	/home/scott/.rvm/gems/ruby-1.9.3-p362/gems/sinatra-1.3.3/lib/sinatra/base.rb:833:in `route!'
	/home/scott/.rvm/gems/ruby-1.9.3-p362/gems/sinatra-1.3.3/lib/sinatra/base.rb:936:in `dispatch!'
	/home/scott/.rvm/gems/ruby-1.9.3-p362/gems/sinatra-1.3.3/lib/sinatra/base.rb:769:in `block in call!'
	/home/scott/.rvm/gems/ruby-1.9.3-p362/gems/sinatra-1.3.3/lib/sinatra/base.rb:921:in `block in invoke'
	/home/scott/.rvm/gems/ruby-1.9.3-p362/gems/sinatra-1.3.3/lib/sinatra/base.rb:921:in `catch'
	/home/scott/.rvm/gems/ruby-1.9.3-p362/gems/sinatra-1.3.3/lib/sinatra/base.rb:921:in `invoke'
	/home/scott/.rvm/gems/ruby-1.9.3-p362/gems/sinatra-1.3.3/lib/sinatra/base.rb:769:in `call!'
	/home/scott/.rvm/gems/ruby-1.9.3-p362/gems/sinatra-1.3.3/lib/sinatra/base.rb:755:in `call'
	/home/scott/.rvm/gems/ruby-1.9.3-p362/gems/rack-protection-1.3.2/lib/rack/protection/xss_header.rb:27:in `call'
	/home/scott/.rvm/gems/ruby-1.9.3-p362/gems/rack-protection-1.3.2/lib/rack/protection/base.rb:48:in `call'
	/home/scott/.rvm/gems/ruby-1.9.3-p362/gems/rack-protection-1.3.2/lib/rack/protection/base.rb:48:in `call'
	/home/scott/.rvm/gems/ruby-1.9.3-p362/gems/rack-protection-1.3.2/lib/rack/protection/path_traversal.rb:16:in `call'
	/home/scott/.rvm/gems/ruby-1.9.3-p362/gems/rack-protection-1.3.2/lib/rack/protection/json_csrf.rb:17:in `call'
	/home/scott/.rvm/gems/ruby-1.9.3-p362/gems/rack-protection-1.3.2/lib/rack/protection/base.rb:48:in `call'
	/home/scott/.rvm/gems/ruby-1.9.3-p362/gems/rack-protection-1.3.2/lib/rack/protection/base.rb:48:in `call'
	/home/scott/.rvm/gems/ruby-1.9.3-p362/gems/rack-protection-1.3.2/lib/rack/protection/xss_header.rb:27:in `call'
	/home/scott/.rvm/gems/ruby-1.9.3-p362/gems/rack-1.4.4/lib/rack/session/abstract/id.rb:210:in `context'
	/home/scott/.rvm/gems/ruby-1.9.3-p362/gems/rack-1.4.4/lib/rack/session/abstract/id.rb:205:in `call'
	/home/scott/.rvm/gems/ruby-1.9.3-p362/gems/rack-1.4.4/lib/rack/logger.rb:15:in `call'
	/home/scott/.rvm/gems/ruby-1.9.3-p362/gems/sinatra-1.3.3/lib/sinatra/base.rb:129:in `call'
	/home/scott/.rvm/gems/ruby-1.9.3-p362/gems/rack-1.4.4/lib/rack/head.rb:9:in `call'
	/home/scott/.rvm/gems/ruby-1.9.3-p362/gems/rack-1.4.4/lib/rack/methodoverride.rb:21:in `call'
	/home/scott/.rvm/gems/ruby-1.9.3-p362/gems/sinatra-1.3.3/lib/sinatra/showexceptions.rb:21:in `call'
	/home/scott/.rvm/gems/ruby-1.9.3-p362/gems/sinatra-1.3.3/lib/sinatra/base.rb:99:in `call'
	/home/scott/.rvm/gems/ruby-1.9.3-p362/gems/sinatra-1.3.3/lib/sinatra/base.rb:1389:in `block in call'
	/home/scott/.rvm/gems/ruby-1.9.3-p362/gems/sinatra-1.3.3/lib/sinatra/base.rb:1471:in `synchronize'
	/home/scott/.rvm/gems/ruby-1.9.3-p362/gems/sinatra-1.3.3/lib/sinatra/base.rb:1389:in `call'
	/home/scott/.rvm/gems/ruby-1.9.3-p362/gems/rack-1.4.4/lib/rack/lint.rb:48:in `_call'
	/home/scott/.rvm/gems/ruby-1.9.3-p362/gems/rack-1.4.4/lib/rack/lint.rb:36:in `call'
	/home/scott/.rvm/gems/ruby-1.9.3-p362/gems/rack-1.4.4/lib/rack/showexceptions.rb:24:in `call'
	/home/scott/.rvm/gems/ruby-1.9.3-p362/gems/rack-1.4.4/lib/rack/commonlogger.rb:33:in `call'
	/home/scott/.rvm/gems/ruby-1.9.3-p362/gems/sinatra-1.3.3/lib/sinatra/base.rb:136:in `call'
	/home/scott/.rvm/gems/ruby-1.9.3-p362/gems/rack-1.4.4/lib/rack/chunked.rb:43:in `call'
	/home/scott/.rvm/gems/ruby-1.9.3-p362/gems/rack-1.4.4/lib/rack/content_length.rb:14:in `call'
	/home/scott/.rvm/gems/ruby-1.9.3-p362/gems/rack-1.4.4/lib/rack/handler/webrick.rb:59:in `service'
	/home/scott/.rvm/rubies/ruby-1.9.3-p362/lib/ruby/1.9.1/webrick/httpserver.rb:138:in `service'
	/home/scott/.rvm/rubies/ruby-1.9.3-p362/lib/ruby/1.9.1/webrick/httpserver.rb:94:in `run'
	/home/scott/.rvm/rubies/ruby-1.9.3-p362/lib/ruby/1.9.1/webrick/server.rb:191:in `block in start_thread'
127.0.0.1 - - [03/May/2013 22:01:11] "GET /f/141/21 HTTP/1.1" 500 149686 0.1372
127.0.0.1 - - [03/May/2013 22:01:11] "GET /__sinatra__/500.png HTTP/1.1" 304 - 0.0084
[2013-05-03 22:01:11] WARN  Could not determine content-length of response body. Set content-length of the response or set Response#chunked = true
127.0.0.1 - - [03/May/2013 22:01:11] "GET /favicon.ico HTTP/1.1" 404 447 0.0054
[2013-05-03 22:01:18] INFO  going to shutdown ...
[2013-05-03 22:01:18] INFO  WEBrick::HTTPServer#start done.
[2013-05-03 22:01:40] INFO  WEBrick 1.3.1
[2013-05-03 22:01:40] INFO  ruby 1.9.3 (2012-12-25) [i686-linux]
[2013-05-03 22:01:40] INFO  WEBrick::HTTPServer#start: pid=19949 port=9292
        SECURITY WARNING: No secret option provided to Rack::Session::Cookie.
        This poses a security threat. It is strongly recommended that you
        provide a secret to prevent exploits that may be possible from crafted
        cookies. This will not be supported in future versions of Rack, and
        future versions will even invalidate your existing user cookies.

        Called from: /home/scott/.rvm/gems/ruby-1.9.3-p362/gems/rack-1.4.4/lib/rack/builder.rb:82:in `new'.

127.0.0.1 - - [03/May/2013 22:01:42] "GET /f/141/21 HTTP/1.1" 200 55 0.0864
127.0.0.1 - - [03/May/2013 22:01:42] "GET /favicon.ico HTTP/1.1" 404 447 0.0023
[2013-05-03 22:01:56] INFO  going to shutdown ...
[2013-05-03 22:01:56] INFO  WEBrick::HTTPServer#start done.
[2013-05-03 22:02:18] INFO  WEBrick 1.3.1
[2013-05-03 22:02:18] INFO  ruby 1.9.3 (2012-12-25) [i686-linux]
[2013-05-03 22:02:18] INFO  WEBrick::HTTPServer#start: pid=19986 port=9292
        SECURITY WARNING: No secret option provided to Rack::Session::Cookie.
        This poses a security threat. It is strongly recommended that you
        provide a secret to prevent exploits that may be possible from crafted
        cookies. This will not be supported in future versions of Rack, and
        future versions will even invalidate your existing user cookies.

        Called from: /home/scott/.rvm/gems/ruby-1.9.3-p362/gems/rack-1.4.4/lib/rack/builder.rb:82:in `new'.

127.0.0.1 - - [03/May/2013 22:02:20] "GET /f/141/21 HTTP/1.1" 200 55 0.0840
127.0.0.1 - - [03/May/2013 22:02:20] "GET /favicon.ico HTTP/1.1" 404 447 0.0024
[2013-05-03 22:02:25] INFO  going to shutdown ...
[2013-05-03 22:02:25] INFO  WEBrick::HTTPServer#start done.
[2013-05-03 22:04:37] INFO  WEBrick 1.3.1
[2013-05-03 22:04:37] INFO  ruby 1.9.3 (2012-12-25) [i686-linux]
[2013-05-03 22:04:37] INFO  WEBrick::HTTPServer#start: pid=20097 port=9292
        SECURITY WARNING: No secret option provided to Rack::Session::Cookie.
        This poses a security threat. It is strongly recommended that you
        provide a secret to prevent exploits that may be possible from crafted
        cookies. This will not be supported in future versions of Rack, and
        future versions will even invalidate your existing user cookies.

        Called from: /home/scott/.rvm/gems/ruby-1.9.3-p362/gems/rack-1.4.4/lib/rack/builder.rb:82:in `new'.

127.0.0.1 - - [03/May/2013 22:04:39] "GET /f/141/21 HTTP/1.1" 200 59 0.0859
127.0.0.1 - - [03/May/2013 22:04:40] "GET /favicon.ico HTTP/1.1" 404 447 0.0019
127.0.0.1 - - [03/May/2013 22:04:46] "GET /f/141 HTTP/1.1" 200 1285 0.0152
127.0.0.1 - - [03/May/2013 22:04:46] "GET /favicon.ico HTTP/1.1" 404 447 0.0023
127.0.0.1 - - [03/May/2013 22:04:47] "GET /f/141/16 HTTP/1.1" 200 96 0.0055
127.0.0.1 - - [03/May/2013 22:04:48] "GET /favicon.ico HTTP/1.1" 404 447 0.0024
127.0.0.1 - - [03/May/2013 22:04:54] "GET /favicon.ico HTTP/1.1" 404 447 0.0020
127.0.0.1 - - [03/May/2013 22:04:55] "GET /f/141/19 HTTP/1.1" 200 83 0.0045
127.0.0.1 - - [03/May/2013 22:04:55] "GET /favicon.ico HTTP/1.1" 404 447 0.0019
127.0.0.1 - - [03/May/2013 22:04:57] "GET /favicon.ico HTTP/1.1" 404 447 0.0019
[2013-05-03 22:05:01] INFO  going to shutdown ...
[2013-05-03 22:05:01] INFO  WEBrick::HTTPServer#start done.
[2013-05-03 22:06:36] INFO  WEBrick 1.3.1
[2013-05-03 22:06:36] INFO  ruby 1.9.3 (2012-12-25) [i686-linux]
[2013-05-03 22:06:36] INFO  WEBrick::HTTPServer#start: pid=20112 port=9292
        SECURITY WARNING: No secret option provided to Rack::Session::Cookie.
        This poses a security threat. It is strongly recommended that you
        provide a secret to prevent exploits that may be possible from crafted
        cookies. This will not be supported in future versions of Rack, and
        future versions will even invalidate your existing user cookies.

        Called from: /home/scott/.rvm/gems/ruby-1.9.3-p362/gems/rack-1.4.4/lib/rack/builder.rb:82:in `new'.

127.0.0.1 - - [03/May/2013 22:06:39] "GET /f/141 HTTP/1.1" 200 1285 0.0921
127.0.0.1 - - [03/May/2013 22:06:39] "GET /favicon.ico HTTP/1.1" 404 447 0.0023
127.0.0.1 - - [03/May/2013 22:06:43] "GET /f/10 HTTP/1.1" 200 563 0.0106
127.0.0.1 - - [03/May/2013 22:06:43] "GET /favicon.ico HTTP/1.1" 404 447 0.0026
127.0.0.1 - - [03/May/2013 22:06:45] "GET /f/10/11 HTTP/1.1" 200 43 0.0049
127.0.0.1 - - [03/May/2013 22:06:45] "GET /favicon.ico HTTP/1.1" 404 447 0.0023
127.0.0.1 - - [03/May/2013 22:06:47] "GET /favicon.ico HTTP/1.1" 404 447 0.0021
[2013-05-03 22:06:59] INFO  going to shutdown ...
[2013-05-03 22:06:59] INFO  WEBrick::HTTPServer#start done.
